app/build/outputs/mapping/debug/seeds.txt
com.md.mataka.howot
com.md.mataka.splash
com.md.mataka.ledger
com.md.mataka.notice
com.md.mataka.thankyou
com.md.mataka.webview
com.md.mataka.transactions
com.md.mataka.fullsangam
com.md.mataka.betting
com.md.mataka.earn
com.md.mataka.signup
com.md.mataka.days_game
com.md.mataka.played
com.md.mataka.crossing
com.md.mataka.latobold
com.md.mataka.profile
com.md.mataka.deposit_money
com.md.mataka.bazar
com.md.mataka.charts
com.md.mataka.halfsangam
com.md.mataka.latonormal
com.md.mataka.chart_menu
com.md.mataka.rate
com.md.mataka.MainActivity
com.md.mataka.login
com.md.mataka.crossing: crossing()
com.md.mataka.days_game: days_game()
com.md.mataka.ledger: ledger()
com.md.mataka.deposit_money: deposit_money()
com.md.mataka.webview: webview()
com.md.mataka.transactions: transactions()
com.md.mataka.login: login()
com.md.mataka.charts: charts()
com.md.mataka.halfsangam: halfsangam()
com.md.mataka.notice: notice()
com.md.mataka.played: played()
com.md.mataka.fullsangam: fullsangam()
com.md.mataka.chart_menu: chart_menu()
com.md.mataka.signup: signup()
com.md.mataka.MainActivity: MainActivity()
com.md.mataka.betting: betting()
com.md.mataka.latobold: latobold(android.content.Context,android.util.AttributeSet)
com.md.mataka.earn: earn()
com.md.mataka.howot: howot()
com.md.mataka.profile: profile()
com.md.mataka.rate: rate()
com.md.mataka.bazar: bazar()
com.md.mataka.latonormal: latonormal(android.content.Context,android.util.AttributeSet)
com.md.mataka.splash: splash()
com.md.mataka.thankyou: thankyou()
...
com.google.android.material.floatingactionbutton.FloatingActionButton: void setCompatPressedTranslationZ(float)
androidx.appcompat.widget.SwitchCompat: int getSwitchPadding()
com.google.android.material.bottomappbar.BottomAppBar: void setHideOnScroll(boolean)
com.google.android.material.card.MaterialCardView: void setBackgroundInternal(android.graphics.drawable.Drawable)
com.google.android.material.bottomappbar.BottomAppBar: float getFabCradleRoundedCornerRadius()
com.google.android.material.floatingactionbutton.FloatingActionButton: int getCustomSize()
com.google.android.material.textfield.TextInputLayout: android.content.res.ColorStateList getCounterOverflowTextColor()
com.google.android.material.chip.ChipGroup: void setShowDividerVertical(int)
com.google.android.material.chip.Chip: void setBackground(android.graphics.drawable.Drawable)
com.google.android.material.chip.ChipGroup: ChipGroup(android.content.Context,android.util.AttributeSet)
com.google.android.material.textfield.TextInputLayout: float getHintCollapsedTextHeight()
com.bumptech.glide.load.resource.bitmap.DownsampleStrategy$SampleSizeRounding: com.bumptech.glide.load.resource.bitmap.DownsampleStrategy$SampleSizeRounding valueOf(java.lang.String)
com.google.android.material.chip.Chip: void setChipText(java.lang.CharSequence)
androidx.core.view.WindowInsetsCompat$Impl21: boolean isConsumed()
androidx.appcompat.widget.AppCompatTextView: int getLastBaselineToBottomHeight()
com.google.android.material.radiobutton.MaterialRadioButton: android.content.res.ColorStateList getMaterialThemeColorsTintList()
androidx.appcompat.widget.SearchView: SearchView(android.content.Context)
com.google.android.material.textfield.TextInputLayout: void setPrefixTextColor(android.content.res.ColorStateList)
androidx.appcompat.widget.Toolbar: void setCollapseIcon(android.graphics.drawable.Drawable)
androidx.appcompat.widget.SwitchCompat: int getSwitchMinWidth()
com.google.android.material.button.MaterialButtonToggleGroup: void setSingleSelection(boolean)
com.google.android.material.circularreveal.cardview.CircularRevealCardView: void setCircularRevealOverlayDrawable(android.graphics.drawable.Drawable)
androidx.core.view.WindowInsetsCompat$BuilderImpl: WindowInsetsCompat$BuilderImpl()
com.google.android.material.internal.CheckableImageButton: void setPressable(boolean)
com.google.android.material.textfield.TextInputLayout: void setBoxBackgroundColor(int)
androidx.lifecycle.ViewModel: ViewModel()
com.google.android.material.snackbar.BaseTransientBottomBar$SnackbarBaseLayout: void setBackgroundTintMode(android.graphics.PorterDuff$Mode)
androidx.constraintlayout.widget.ConstraintHelper: ConstraintHelper(android.content.Context,android.util.AttributeSet)
androidx.appcompat.widget.AppCompatCheckedTextView: void setCheckMarkDrawable(int)
com.google.android.material.appbar.AppBarLayout: void setElevation(float)
androidx.recyclerview.widget.RecyclerView: void setRecycledViewPool(androidx.recyclerview.widget.RecyclerView$RecycledViewPool)
com.mikepenz.materialize.view.ScrimInsetsFrameLayout: void setSystemUIVisible(boolean)
androidx.appcompat.widget.FitWindowsLinearLayout: void setOnFitSystemWindowsListener(androidx.appcompat.widget.FitWindowsViewGroup$OnFitSystemWindowsListener)
com.android.volley.NetworkDispatcher: void processRequest()
com.google.android.material.bottomappbar.BottomAppBar: androidx.coordinatorlayout.widget.CoordinatorLayout$Behavior getBehavior()
androidx.core.widget.NestedScrollView: int getScrollRange()
androidx.appcompat.widget.Toolbar: Toolbar(android.content.Context,android.util.AttributeSet)
androidx.appcompat.widget.AppCompatButton: android.graphics.PorterDuff$Mode getSupportBackgroundTintMode()
com.google.android.material.textfield.TextInputLayout: void setErrorEnabled(boolean)
androidx.appcompat.widget.ActionBarOverlayLayout: void setHideOnContentScrollEnabled(boolean)