app/build/outputs/mapping/debug/mapping.txt
# compiler: R8
# compiler_version: 3.2.74
# min_api: 24
# common_typos_disable
# {"id":"com.android.tools.r8.mapping","version":"2.0"}
# pg_map_id: af38b8d
# pg_map_hash: SHA-256 af38b8d8349423a93b354588ee87cbaf1534205a0ec8dc7108339698ee42a686
com.md.mataka.MainActivity -> com.md.mataka.MainActivity:
    44:74:void <init>() -> <init>
    44:44:void access$000(com.md.mataka.MainActivity) -> access$000
    44:44:void access$100(com.md.mataka.MainActivity) -> access$100
    679:753:void apicall2() -> apicall2
    435:525:void doublepatti() -> doublepatti
    876:893:void initViews() -> initViews
    666:672:void jodi() -> jodi
    78:418:void onCreate(android.os.Bundle) -> onCreate
    862:864:void onResume() -> onResume
    867:872:void openWhatsApp() -> openWhatsApp
    422:432:void single() -> single
    529:649:void singlepatti() -> singlepatti
    653:663:void triplepatti() -> triplepatti
com.md.mataka.MainActivity$1 -> com.md.mataka.MainActivity$1:
    136:136:void <init>(com.md.mataka.MainActivity) -> <init>
    139:144:void onClick(android.view.View) -> onClick
com.md.mataka.MainActivity$10 -> com.md.mataka.MainActivity$10:
    241:241:void <init>(com.md.mataka.MainActivity) -> <init>
    244:245:void onClick(android.view.View) -> onClick
com.md.mataka.MainActivity$11 -> com.md.mataka.MainActivity$11:
    249:249:void <init>(com.md.mataka.MainActivity) -> <init>
    252:253:void onClick(android.view.View) -> onClick
com.md.mataka.MainActivity$12 -> com.md.mataka.MainActivity$12:
    256:256:void <init>(com.md.mataka.MainActivity) -> <init>
    259:260:void onClick(android.view.View) -> onClick
com.md.mataka.MainActivity$13 -> com.md.mataka.MainActivity$13:
    263:263:void <init>(com.md.mataka.MainActivity) -> <init>
    266:267:void onClick(android.view.View) -> onClick
com.md.mataka.MainActivity$14 -> com.md.mataka.MainActivity$14:
    342:342:void <init>(com.md.mataka.MainActivity) -> <init>
    346:401:boolean onItemClick(android.view.View,int,com.mikepenz.materialdrawer.model.interfaces.IDrawerItem) -> onItemClick
com.md.mataka.MainActivity$15 -> com.md.mataka.MainActivity$15:
    407:407:void <init>(com.md.mataka.MainActivity,com.mikepenz.materialdrawer.Drawer) -> <init>
    410:415:void onClick(android.view.View) -> onClick
com.md.mataka.MainActivity$16 -> com.md.mataka.MainActivity$16:
    682:682:void <init>(com.md.mataka.MainActivity) -> <init>
    682:682:void onResponse(java.lang.Object) -> onResponse
    687:730:void onResponse(java.lang.String) -> onResponse
com.md.mataka.MainActivity$17 -> com.md.mataka.MainActivity$17:
    732:732:void <init>(com.md.mataka.MainActivity) -> <init>
    736:739:void onErrorResponse(com.android.volley.VolleyError) -> onErrorResponse
com.md.mataka.MainActivity$18 -> com.md.mataka.MainActivity$18:
    741:741:void <init>(com.md.mataka.MainActivity,int,java.lang.String,com.android.volley.Response$Listener,com.android.volley.Response$ErrorListener) -> <init>
    744:748:java.util.Map getParams() -> getParams
com.md.mataka.MainActivity$2 -> com.md.mataka.MainActivity$2:
    147:147:void <init>(com.md.mataka.MainActivity) -> <init>
    150:152:void onClick(android.view.View) -> onClick
com.md.mataka.MainActivity$3 -> com.md.mataka.MainActivity$3:
    155:155:void <init>(com.md.mataka.MainActivity) -> <init>
    158:164:void onClick(android.view.View) -> onClick
com.md.mataka.MainActivity$4 -> com.md.mataka.MainActivity$4:
    176:176:void <init>(com.md.mataka.MainActivity) -> <init>
    179:182:void onClick(android.view.View) -> onClick
com.md.mataka.MainActivity$5 -> com.md.mataka.MainActivity$5:
    206:206:void <init>(com.md.mataka.MainActivity) -> <init>
    209:210:void onClick(android.view.View) -> onClick
com.md.mataka.MainActivity$6 -> com.md.mataka.MainActivity$6:
    213:213:void <init>(com.md.mataka.MainActivity) -> <init>
    216:217:void onClick(android.view.View) -> onClick
com.md.mataka.MainActivity$7 -> com.md.mataka.MainActivity$7:
    220:220:void <init>(com.md.mataka.MainActivity) -> <init>
    223:224:void onClick(android.view.View) -> onClick
...
com.mikepenz.materialdrawer.model.BaseDescribeableDrawerItem -> com.mikepenz.materialdrawer.model.BaseDescribeableDrawerItem:
    21:21:void <init>() -> <init>
    59:108:void bindViewHelper(com.mikepenz.materialdrawer.model.BaseViewHolder) -> bindViewHelper
    46:46:com.mikepenz.materialdrawer.holder.StringHolder getDescription() -> getDescription
    50:50:com.mikepenz.materialdrawer.holder.ColorHolder getDescriptionTextColor() -> getDescriptionTextColor
com.mikepenz.materialdrawer.model.BaseDrawerItem -> com.mikepenz.materialdrawer.model.BaseDrawerItem:
    32:52:void <init>() -> <init>
    291:296:int getColor(android.content.Context) -> getColor
    250:250:com.mikepenz.materialdrawer.holder.ColorHolder getDisabledIconColor() -> getDisabledIconColor
    230:230:com.mikepenz.materialdrawer.holder.ColorHolder getDisabledTextColor() -> getDisabledTextColor
    238:238:com.mikepenz.materialdrawer.holder.ImageHolder getIcon() -> getIcon
    258:258:com.mikepenz.materialdrawer.holder.ColorHolder getIconColor() -> getIconColor
    317:322:int getIconColor(android.content.Context) -> getIconColor
    246:246:com.mikepenz.materialdrawer.holder.StringHolder getName() -> getName
    218:218:com.mikepenz.materialdrawer.holder.ColorHolder getSelectedColor() -> getSelectedColor
    276:279:int getSelectedColor(android.content.Context) -> getSelectedColor
    242:242:com.mikepenz.materialdrawer.holder.ImageHolder getSelectedIcon() -> getSelectedIcon
    254:254:com.mikepenz.materialdrawer.holder.ColorHolder getSelectedIconColor() -> getSelectedIconColor
    332:332:int getSelectedIconColor(android.content.Context) -> getSelectedIconColor
    226:226:com.mikepenz.materialdrawer.holder.ColorHolder getSelectedTextColor() -> getSelectedTextColor
    306:306:int getSelectedTextColor(android.content.Context) -> getSelectedTextColor
    222:222:com.mikepenz.materialdrawer.holder.ColorHolder getTextColor() -> getTextColor
com.mikepenz.materialdrawer.model.BaseViewHolder -> com.mikepenz.materialdrawer.model.BaseViewHolder:
    18:24:void <init>(android.view.View) -> <init>
com.mikepenz.materialdrawer.model.ContainerDrawerItem -> com.mikepenz.materialdrawer.model.ContainerDrawerItem:
    19:56:void <init>() -> <init>
    19:19:void bindView(androidx.recyclerview.widget.RecyclerView$ViewHolder,java.util.List) -> bindView
    80:134:void bindView(com.mikepenz.materialdrawer.model.ContainerDrawerItem$ViewHolder,java.util.List) -> bindView
    75:75:int getLayoutRes() -> getLayoutRes
    69:69:int getType() -> getType
    19:19:androidx.recyclerview.widget.RecyclerView$ViewHolder getViewHolder(android.view.View) -> getViewHolder
    138:138:com.mikepenz.materialdrawer.model.ContainerDrawerItem$ViewHolder getViewHolder(android.view.View) -> getViewHolder
    59:60:com.mikepenz.materialdrawer.model.ContainerDrawerItem withDivider(boolean) -> withDivider
    24:25:com.mikepenz.materialdrawer.model.ContainerDrawerItem withHeight(com.mikepenz.materialdrawer.holder.DimenHolder) -> withHeight
    35:36:com.mikepenz.materialdrawer.model.ContainerDrawerItem withView(android.view.View) -> withView
    52:53:com.mikepenz.materialdrawer.model.ContainerDrawerItem withViewPosition(com.mikepenz.materialdrawer.model.ContainerDrawerItem$Position) -> withViewPosition
com.mikepenz.materialdrawer.model.ContainerDrawerItem$Position -> com.mikepenz.materialdrawer.model.ContainerDrawerItem$Position:
    43:46:void <clinit>() -> <clinit>
    43:43:void <init>(java.lang.String,int) -> <init>
    43:43:com.mikepenz.materialdrawer.model.ContainerDrawerItem$Position valueOf(java.lang.String) -> valueOf
    43:43:com.mikepenz.materialdrawer.model.ContainerDrawerItem$Position[] values() -> values