app/build/outputs/mapping/debug/usage.txt
com.md.mataka.BuildConfig
com.md.mataka.MainActivity$19
com.md.mataka.MainActivity$20
com.md.mataka.MainActivity$21
com.md.mataka.MainActivity:
    com.md.mataka.ViewDialog progressDialog
    private void apicall()
com.md.mataka.R$anim
com.md.mataka.R$animator
com.md.mataka.R$array
com.md.mataka.R$attr
com.md.mataka.R$bool
com.md.mataka.R$color
com.md.mataka.R$dimen
com.md.mataka.R$drawable
com.md.mataka.R$id
com.md.mataka.R$integer
com.md.mataka.R$interpolator
com.md.mataka.R$layout
com.md.mataka.R$mipmap
com.md.mataka.R$plurals
com.md.mataka.R$string
com.md.mataka.R$style
com.md.mataka.R$styleable
com.md.mataka.R$xml
com.md.mataka.R
com.md.mataka.SliderDataStore:
    public void setImgUrl(java.lang.String)
com.md.mataka.adapter_crossing:
    public java.util.ArrayList getNumber()
com.md.mataka.adapter_result$ViewHolder
com.md.mataka.adapter_result
com.md.mataka.betting:
    protected android.widget.ScrollView scrollView
com.md.mataka.constant:
    public void <init>()
com.md.mataka.deposit_money$4
com.md.mataka.deposit_money$5
com.md.mataka.deposit_money$6
com.md.mataka.deposit_money:
    com.md.mataka.ViewDialog progressDialog
    private void apicall()
com.md.mataka.fullsangam:
    protected android.widget.RelativeLayout toolbar
com.md.mataka.halfsangam:
    protected android.widget.RelativeLayout toolbar
com.md.mataka.latobold:
    public void <init>(android.content.Context)
    public void <init>(android.content.Context,android.util.AttributeSet,int)
com.md.mataka.latonormal:
    public void <init>(android.content.Context)
    public void <init>(android.content.Context,android.util.AttributeSet,int)
com.md.mataka.login:
    private static final java.lang.String ALLOWED_CHARACTERS
...
androidx.loader.content.Loader$ForceLoadContentObserver
androidx.loader.content.Loader$OnLoadCanceledListener
androidx.loader.content.Loader$OnLoadCompleteListener:
    public abstract void onLoadComplete(androidx.loader.content.Loader,java.lang.Object)
androidx.loader.content.Loader:
    boolean mAbandoned
    boolean mContentChanged
    android.content.Context mContext
    int mId
    androidx.loader.content.Loader$OnLoadCompleteListener mListener
    androidx.loader.content.Loader$OnLoadCanceledListener mOnLoadCanceledListener
    boolean mProcessingChange
    boolean mReset
    boolean mStarted
    public void <init>(android.content.Context)
    public void commitContentChanged()
    public void deliverCancellation()
    public void deliverResult(java.lang.Object)
    public void forceLoad()
    public android.content.Context getContext()
    public int getId()
    public boolean isAbandoned()
    public boolean isReset()
    public boolean isStarted()
    protected void onAbandon()
    protected boolean onCancelLoad()
    public void onContentChanged()
    protected void onForceLoad()
    protected void onReset()
    protected void onStartLoading()
    protected void onStopLoading()
    public void registerListener(int,androidx.loader.content.Loader$OnLoadCompleteListener)
    public void registerOnLoadCanceledListener(androidx.loader.content.Loader$OnLoadCanceledListener)
    public void rollbackContentChanged()
    public boolean takeContentChanged()
    public java.lang.String toString()
    public void unregisterOnLoadCanceledListener(androidx.loader.content.Loader$OnLoadCanceledListener)
androidx.loader.content.ModernAsyncTask$1
androidx.loader.content.ModernAsyncTask$2
androidx.loader.content.ModernAsyncTask$3
androidx.loader.content.ModernAsyncTask$4
androidx.loader.content.ModernAsyncTask$AsyncTaskResult
androidx.loader.content.ModernAsyncTask$InternalHandler
androidx.loader.content.ModernAsyncTask$Status
androidx.loader.content.ModernAsyncTask$WorkerRunnable
androidx.loader.content.ModernAsyncTask
androidx.localbroadcastmanager.R
androidx.localbroadcastmanager.content.LocalBroadcastManager$1
androidx.localbroadcastmanager.content.LocalBroadcastManager$BroadcastRecord
androidx.localbroadcastmanager.content.LocalBroadcastManager$ReceiverRecord
androidx.localbroadcastmanager.content.LocalBroadcastManager
androidx.print.PrintHelper$1
androidx.print.PrintHelper$OnPrintFinishCallback
androidx.print.PrintHelper$PrintBitmapAdapter
androidx.print.PrintHelper$PrintUriAdapter$1$1
androidx.print.PrintHelper$PrintUriAdapter$1
androidx.print.PrintHelper$PrintUriAdapter
androidx.print.PrintHelper
androidx.print.R
androidx.recyclerview.R$attr:
    public static final int alpha
    public static final int fastScrollEnabled
    public static final int fastScrollHorizontalThumbDrawable
    public static final int fastScrollHorizontalTrackDrawable
    public static final int fastScrollVerticalThumbDrawable
    public static final int fastScrollVerticalTrackDrawable
    public static final int font
    public static final int fontProviderAuthority
    public static final int fontProviderCerts
    public static final int fontProviderFetchStrategy
    public static final int fontProviderFetchTimeout
    public static final int fontProviderPackage
    public static final int fontProviderQuery
    public static final int fontStyle
    public static final int fontVariationSettings
    public static final int fontWeight
    public static final int layoutManager
    public static final int reverseLayout
    public static final int spanCount
    public static final int stackFromEnd
    public static final int ttcIndex
    private void <init>()
androidx.recyclerview.R$color